Analysis & Synthesis report for memory_hw
Tue May 09 09:37:15 2023
Quartus II 64-Bit Version 13.1.0 Build 162 10/23/2013 SJ Web Edition


---------------------
; Table of Contents ;
---------------------
  1. Legal Notice
  2. Analysis & Synthesis Summary
  3. Analysis & Synthesis Settings
  4. Parallel Compilation
  5. Analysis & Synthesis Source Files Read
  6. Analysis & Synthesis Resource Usage Summary
  7. Analysis & Synthesis Resource Utilization by Entity
  8. Analysis & Synthesis RAM Summary
  9. Analysis & Synthesis IP Cores Summary
 10. State Machine - |memory_hw|read_ctrl:u_read_ctrl1|c_state
 11. State Machine - |memory_hw|write_ctrl:u_write_ctrl1|c_state
 12. Registers Removed During Synthesis
 13. General Register Statistics
 14. Inverted Register Statistics
 15. Multiplexer Restructuring Statistics (Restructuring Performed)
 16. Source assignments for ram_dual_2x8:u_ram_dual_2x8|altsyncram:altsyncram_component|altsyncram_haj1:auto_generated
 17. Parameter Settings for User Entity Instance: ram_dual_2x8:u_ram_dual_2x8|altsyncram:altsyncram_component
 18. Parameter Settings for User Entity Instance: delay:u_delay1
 19. Parameter Settings for User Entity Instance: delay:u_delay2
 20. altsyncram Parameter Settings by Entity Instance
 21. Port Connectivity Checks: "ram_dual_2x8:u_ram_dual_2x8"
 22. Elapsed Time Per Partition
 23. Analysis & Synthesis Messages



----------------
; Legal Notice ;
----------------
Copyright (C) 1991-2013 Altera Corporation
Your use of Altera Corporation's design tools, logic functions 
and other software and tools, and its AMPP partner logic 
functions, and any output files from any of the foregoing 
(including device programming or simulation files), and any 
associated documentation or information are expressly subject 
to the terms and conditions of the Altera Program License 
Subscription Agreement, Altera MegaCore Function License 
Agreement, or other applicable license agreement, including, 
without limitation, that your use is for the sole purpose of 
programming logic devices manufactured by Altera and sold by 
Altera or its authorized distributors.  Please refer to the 
applicable agreement for further details.



+---------------------------------------------------------------------------------+
; Analysis & Synthesis Summary                                                    ;
+------------------------------------+--------------------------------------------+
; Analysis & Synthesis Status        ; Successful - Tue May 09 09:37:15 2023      ;
; Quartus II 64-Bit Version          ; 13.1.0 Build 162 10/23/2013 SJ Web Edition ;
; Revision Name                      ; memory_hw                                  ;
; Top-level Entity Name              ; memory_hw                                  ;
; Family                             ; Cyclone III                                ;
; Total logic elements               ; 196                                        ;
;     Total combinational functions  ; 168                                        ;
;     Dedicated logic registers      ; 112                                        ;
; Total registers                    ; 112                                        ;
; Total pins                         ; 46                                         ;
; Total virtual pins                 ; 0                                          ;
; Total memory bits                  ; 16                                         ;
; Embedded Multiplier 9-bit elements ; 0                                          ;
; Total PLLs                         ; 0                                          ;
+------------------------------------+--------------------------------------------+


+----------------------------------------------------------------------------------------------------------------------+
; Analysis & Synthesis Settings                                                                                        ;
+----------------------------------------------------------------------------+--------------------+--------------------+
; Option                                                                     ; Setting            ; Default Value      ;
+----------------------------------------------------------------------------+--------------------+--------------------+
; Device                                                                     ; EP3C16F484C6       ;                    ;
; Top-level entity name                                                      ; memory_hw          ; memory_hw          ;
; Family name                                                                ; Cyclone III        ; Cyclone IV GX      ;
; Use smart compilation                                                      ; Off                ; Off                ;
; Enable parallel Assembler and TimeQuest Timing Analyzer during compilation ; On                 ; On                 ;
; Enable compact report table                                                ; Off                ; Off                ;
; Restructure Multiplexers                                                   ; Auto               ; Auto               ;
; Create Debugging Nodes for IP Cores                                        ; Off                ; Off                ;
; Preserve fewer node names                                                  ; On                 ; On                 ;
; Disable OpenCore Plus hardware evaluation                                  ; Off                ; Off                ;
; Verilog Version                                                            ; Verilog_2001       ; Verilog_2001       ;
; VHDL Version                                                               ; VHDL_1993          ; VHDL_1993          ;
; State Machine Processing                                                   ; Auto               ; Auto               ;
; Safe State Machine                                                         ; Off                ; Off                ;
; Extract Verilog State Machines                                             ; On                 ; On                 ;
; Extract VHDL State Machines                                                ; On                 ; On                 ;
; Ignore Verilog initial constructs                                          ; Off                ; Off                ;
; Iteration limit for constant Verilog loops                                 ; 5000               ; 5000               ;
; Iteration limit for non-constant Verilog loops                             ; 250                ; 250                ;
; Add Pass-Through Logic to Inferred RAMs                                    ; On                 ; On                 ;
; Infer RAMs from Raw Logic                                                  ; On                 ; On                 ;
; Parallel Synthesis                                                         ; On                 ; On                 ;
; DSP Block Balancing                                                        ; Auto               ; Auto               ;
; NOT Gate Push-Back                                                         ; On                 ; On                 ;
; Power-Up Don't Care                                                        ; On                 ; On                 ;
; Remove Redundant Logic Cells                                               ; Off                ; Off                ;
; Remove Duplicate Registers                                                 ; On                 ; On                 ;
; Ignore CARRY Buffers                                                       ; Off                ; Off                ;
; Ignore CASCADE Buffers                                                     ; Off                ; Off                ;
; Ignore GLOBAL Buffers                                                      ; Off                ; Off                ;
; Ignore ROW GLOBAL Buffers                                                  ; Off                ; Off                ;
; Ignore LCELL Buffers                                                       ; Off                ; Off                ;
; Ignore SOFT Buffers                                                        ; On                 ; On                 ;
; Limit AHDL Integers to 32 Bits                                             ; Off                ; Off                ;
; Optimization Technique                                                     ; Balanced           ; Balanced           ;
; Carry Chain Length                                                         ; 70                 ; 70                 ;
; Auto Carry Chains                                                          ; On                 ; On                 ;
; Auto Open-Drain Pins                                                       ; On                 ; On                 ;
; Perform WYSIWYG Primitive Resynthesis                                      ; Off                ; Off                ;
; Auto ROM Replacement                                                       ; On                 ; On                 ;
; Auto RAM Replacement                                                       ; On                 ; On                 ;
; Auto DSP Block Replacement                                                 ; On                 ; On                 ;
; Auto Shift Register Replacement                                            ; Auto               ; Auto               ;
; Allow Shift Register Merging across Hierarchies                            ; Auto               ; Auto               ;
; Auto Clock Enable Replacement                                              ; On                 ; On                 ;
; Strict RAM Replacement                                                     ; Off                ; Off                ;
; Allow Synchronous Control Signals                                          ; On                 ; On                 ;
; Force Use of Synchronous Clear Signals                                     ; Off                ; Off                ;
; Auto RAM Block Balancing                                                   ; On                 ; On                 ;
; Auto RAM to Logic Cell Conversion                                          ; Off                ; Off                ;
; Auto Resource Sharing                                                      ; Off                ; Off                ;
; Allow Any RAM Size For Recognition                                         ; Off                ; Off                ;
; Allow Any ROM Size For Recognition                                         ; Off                ; Off                ;
; Allow Any Shift Register Size For Recognition                              ; Off                ; Off                ;
; Use LogicLock Constraints during Resource Balancing                        ; On                 ; On                 ;
; Ignore translate_off and synthesis_off directives                          ; Off                ; Off                ;
; Timing-Driven Synthesis                                                    ; On                 ; On                 ;
; Report Parameter Settings                                                  ; On                 ; On                 ;
; Report Source Assignments                                                  ; On                 ; On                 ;
; Report Connectivity Checks                                                 ; On                 ; On                 ;
; Ignore Maximum Fan-Out Assignments                                         ; Off                ; Off                ;
; Synchronization Register Chain Length                                      ; 2                  ; 2                  ;
; PowerPlay Power Optimization                                               ; Normal compilation ; Normal compilation ;
; HDL message level                                                          ; Level2             ; Level2             ;
; Suppress Register Optimization Related Messages                            ; Off                ; Off                ;
; Number of Removed Registers Reported in Synthesis Report                   ; 5000               ; 5000               ;
; Number of Swept Nodes Reported in Synthesis Report                         ; 5000               ; 5000               ;
; Number of Inverted Registers Reported in Synthesis Report                  ; 100                ; 100                ;
; Clock MUX Protection                                                       ; On                 ; On                 ;
; Auto Gated Clock Conversion                                                ; Off                ; Off                ;
; Block Design Naming                                                        ; Auto               ; Auto               ;
; SDC constraint protection                                                  ; Off                ; Off                ;
; Synthesis Effort                                                           ; Auto               ; Auto               ;
; Shift Register Replacement - Allow Asynchronous Clear Signal               ; On                 ; On                 ;
; Pre-Mapping Resynthesis Optimization                                       ; Off                ; Off                ;
; Analysis & Synthesis Message Level                                         ; Medium             ; Medium             ;
; Disable Register Merging Across Hierarchies                                ; Auto               ; Auto               ;
; Resource Aware Inference For Block RAM                                     ; On                 ; On                 ;
; Synthesis Seed                                                             ; 1                  ; 1                  ;
+----------------------------------------------------------------------------+--------------------+--------------------+


+------------------------------------------+
; Parallel Compilation                     ;
+----------------------------+-------------+
; Processors                 ; Number      ;
+----------------------------+-------------+
; Number detected on machine ; 8           ;
; Maximum allowed            ; 4           ;
;                            ;             ;
; Average used               ; 1.00        ;
; Maximum used               ; 1           ;
;                            ;             ;
; Usage by Processor         ; % Time Used ;
;     Processor 1            ; 100.0%      ;
;     Processors 2-8         ;   0.0%      ;
+----------------------------+-------------+


+----------------------------------------------------------------------------------------------------------------------------------------------------------------------------+
; Analysis & Synthesis Source Files Read                                                                                                                                     ;
+---------------------------------------+-----------------+------------------------------+-------------------------------------------------------------------------+---------+
; File Name with User-Entered Path      ; Used in Netlist ; File Type                    ; File Name with Absolute Path                                            ; Library ;
+---------------------------------------+-----------------+------------------------------+-------------------------------------------------------------------------+---------+
; ../../de0_doorlock_2modes/src/delay.v ; yes             ; User Verilog HDL File        ; C:/altera/13.1/de0_doorlock_2modes/src/delay.v                          ;         ;
; mem_ip/ram_dual_2x8/ram_dual_2x8.v    ; yes             ; User Wizard-Generated File   ; C:/altera/13.1/de0_memory_hw/quartus/mem_ip/ram_dual_2x8/ram_dual_2x8.v ;         ;
; ../src/mem_ip/write_ctrl.v            ; yes             ; User Verilog HDL File        ; C:/altera/13.1/de0_memory_hw/src/mem_ip/write_ctrl.v                    ;         ;
; ../src/mem_ip/read_ctrl.v             ; yes             ; User Verilog HDL File        ; C:/altera/13.1/de0_memory_hw/src/mem_ip/read_ctrl.v                     ;         ;
; ../src/memory_hw.v                    ; yes             ; User Verilog HDL File        ; C:/altera/13.1/de0_memory_hw/src/memory_hw.v                            ;         ;
; output_files/fnd_out.v                ; yes             ; User Verilog HDL File        ; C:/altera/13.1/de0_memory_hw/quartus/output_files/fnd_out.v             ;         ;
; altsyncram.tdf                        ; yes             ; Megafunction                 ; c:/altera/13.1/quartus/libraries/megafunctions/altsyncram.tdf           ;         ;
; stratix_ram_block.inc                 ; yes             ; Megafunction                 ; c:/altera/13.1/quartus/libraries/megafunctions/stratix_ram_block.inc    ;         ;
; lpm_mux.inc                           ; yes             ; Megafunction                 ; c:/altera/13.1/quartus/libraries/megafunctions/lpm_mux.inc              ;         ;
; lpm_decode.inc                        ; yes             ; Megafunction                 ; c:/altera/13.1/quartus/libraries/megafunctions/lpm_decode.inc           ;         ;
; aglobal131.inc                        ; yes             ; Megafunction                 ; c:/altera/13.1/quartus/libraries/megafunctions/aglobal131.inc           ;         ;
; a_rdenreg.inc                         ; yes             ; Megafunction                 ; c:/altera/13.1/quartus/libraries/megafunctions/a_rdenreg.inc            ;         ;
; altrom.inc                            ; yes             ; Megafunction                 ; c:/altera/13.1/quartus/libraries/megafunctions/altrom.inc               ;         ;
; altram.inc                            ; yes             ; Megafunction                 ; c:/altera/13.1/quartus/libraries/megafunctions/altram.inc               ;         ;
; altdpram.inc                          ; yes             ; Megafunction                 ; c:/altera/13.1/quartus/libraries/megafunctions/altdpram.inc             ;         ;
; db/altsyncram_haj1.tdf                ; yes             ; Auto-Generated Megafunction  ; C:/altera/13.1/de0_memory_hw/quartus/db/altsyncram_haj1.tdf             ;         ;
+---------------------------------------+-----------------+------------------------------+-------------------------------------------------------------------------+---------+


+-----------------------------------------------------------+
; Analysis & Synthesis Resource Usage Summary               ;
+---------------------------------------------+-------------+
; Resource                                    ; Usage       ;
+---------------------------------------------+-------------+
; Estimated Total logic elements              ; 196         ;
;                                             ;             ;
; Total combinational functions               ; 168         ;
; Logic element usage by number of LUT inputs ;             ;
;     -- 4 input functions                    ; 96          ;
;     -- 3 input functions                    ; 7           ;
;     -- <=2 input functions                  ; 65          ;
;                                             ;             ;
; Logic elements by mode                      ;             ;
;     -- normal mode                          ; 114         ;
;     -- arithmetic mode                      ; 54          ;
;                                             ;             ;
; Total registers                             ; 112         ;
;     -- Dedicated logic registers            ; 112         ;
;     -- I/O registers                        ; 0           ;
;                                             ;             ;
; I/O pins                                    ; 46          ;
; Total memory bits                           ; 16          ;
; Embedded Multiplier 9-bit elements          ; 0           ;
; Maximum fan-out node                        ; n_rst~input ;
; Maximum fan-out                             ; 112         ;
; Total fan-out                               ; 1034        ;
; Average fan-out                             ; 2.72        ;
+---------------------------------------------+-------------+


+------------------------------------------------------------------------------------------------------------------------------------------------------------------------------------------------------------------------------------------------------------------------------+
; Analysis & Synthesis Resource Utilization by Entity                                                                                                                                                                                                                          ;
+-------------------------------------------+-------------------+--------------+-------------+--------------+---------+-----------+------+--------------+-------------------------------------------------------------------------------------------------------+--------------+
; Compilation Hierarchy Node                ; LC Combinationals ; LC Registers ; Memory Bits ; DSP Elements ; DSP 9x9 ; DSP 18x18 ; Pins ; Virtual Pins ; Full Hierarchy Name                                                                                   ; Library Name ;
+-------------------------------------------+-------------------+--------------+-------------+--------------+---------+-----------+------+--------------+-------------------------------------------------------------------------------------------------------+--------------+
; |memory_hw                                ; 168 (3)           ; 112 (31)     ; 16          ; 0            ; 0       ; 0         ; 46   ; 0            ; |memory_hw                                                                                            ; work         ;
;    |delay:u_delay1|                       ; 68 (68)           ; 29 (29)      ; 0           ; 0            ; 0       ; 0         ; 0    ; 0            ; |memory_hw|delay:u_delay1                                                                             ; work         ;
;    |delay:u_delay2|                       ; 66 (66)           ; 29 (29)      ; 0           ; 0            ; 0       ; 0         ; 0    ; 0            ; |memory_hw|delay:u_delay2                                                                             ; work         ;
;    |fnd_out:u_fnd_out1|                   ; 7 (7)             ; 0 (0)        ; 0           ; 0            ; 0       ; 0         ; 0    ; 0            ; |memory_hw|fnd_out:u_fnd_out1                                                                         ; work         ;
;    |fnd_out:u_fnd_out2|                   ; 7 (7)             ; 0 (0)        ; 0           ; 0            ; 0       ; 0         ; 0    ; 0            ; |memory_hw|fnd_out:u_fnd_out2                                                                         ; work         ;
;    |ram_dual_2x8:u_ram_dual_2x8|          ; 0 (0)             ; 0 (0)        ; 16          ; 0            ; 0       ; 0         ; 0    ; 0            ; |memory_hw|ram_dual_2x8:u_ram_dual_2x8                                                                ; work         ;
;       |altsyncram:altsyncram_component|   ; 0 (0)             ; 0 (0)        ; 16          ; 0            ; 0       ; 0         ; 0    ; 0            ; |memory_hw|ram_dual_2x8:u_ram_dual_2x8|altsyncram:altsyncram_component                                ; work         ;
;          |altsyncram_haj1:auto_generated| ; 0 (0)             ; 0 (0)        ; 16          ; 0            ; 0       ; 0         ; 0    ; 0            ; |memory_hw|ram_dual_2x8:u_ram_dual_2x8|altsyncram:altsyncram_component|altsyncram_haj1:auto_generated ; work         ;
;    |read_ctrl:u_read_ctrl1|               ; 7 (7)             ; 14 (14)      ; 0           ; 0            ; 0       ; 0         ; 0    ; 0            ; |memory_hw|read_ctrl:u_read_ctrl1                                                                     ; work         ;
;    |write_ctrl:u_write_ctrl1|             ; 10 (10)           ; 9 (9)        ; 0           ; 0            ; 0       ; 0         ; 0    ; 0            ; |memory_hw|write_ctrl:u_write_ctrl1                                                                   ; work         ;
+-------------------------------------------+-------------------+--------------+-------------+--------------+---------+-----------+------+--------------+-------------------------------------------------------------------------------------------------------+--------------+
Note: For table entries with two numbers listed, the numbers in parentheses indicate the number of resources of the given type used by the specific entity alone. The numbers listed outside of parentheses indicate the total resources of the given type used by the specific entity and all of its sub-entities in the hierarchy.


+-----------------------------------------------------------------------------------------------------------------------------------------------------------------------------------------------------------+
; Analysis & Synthesis RAM Summary                                                                                                                                                                          ;
+-------------------------------------------------------------------------------------------------------+------+------------------+--------------+--------------+--------------+--------------+------+------+
; Name                                                                                                  ; Type ; Mode             ; Port A Depth ; Port A Width ; Port B Depth ; Port B Width ; Size ; MIF  ;
+-------------------------------------------------------------------------------------------------------+------+------------------+--------------+--------------+--------------+--------------+------+------+
; ram_dual_2x8:u_ram_dual_2x8|altsyncram:altsyncram_component|altsyncram_haj1:auto_generated|ALTSYNCRAM ; AUTO ; Simple Dual Port ; 16           ; 8            ; 16           ; 8            ; 128  ; None ;
+-------------------------------------------------------------------------------------------------------+------+------------------+--------------+--------------+--------------+--------------+------+------+


+----------------------------------------------------------------------------------------------------------------------------------------------------------------------------------+
; Analysis & Synthesis IP Cores Summary                                                                                                                                            ;
+--------+--------------+---------+--------------+--------------+----------------------------------------+-------------------------------------------------------------------------+
; Vendor ; IP Core Name ; Version ; Release Date ; License Type ; Entity Instance                        ; IP Include File                                                         ;
+--------+--------------+---------+--------------+--------------+----------------------------------------+-------------------------------------------------------------------------+
; Altera ; RAM: 2-PORT  ; 13.1    ; N/A          ; N/A          ; |memory_hw|ram_dual_2x8:u_ram_dual_2x8 ; C:/altera/13.1/de0_memory_hw/quartus/mem_ip/ram_dual_2x8/ram_dual_2x8.v ;
+--------+--------------+---------+--------------+--------------+----------------------------------------+-------------------------------------------------------------------------+


Encoding Type:  One-Hot
+------------------------------------------------------------------------------------------+
; State Machine - |memory_hw|read_ctrl:u_read_ctrl1|c_state                                ;
+------------+------------+------------+------------+------------+------------+------------+
; Name       ; c_state.S5 ; c_state.S4 ; c_state.S3 ; c_state.S2 ; c_state.S1 ; c_state.S0 ;
+------------+------------+------------+------------+------------+------------+------------+
; c_state.S0 ; 0          ; 0          ; 0          ; 0          ; 0          ; 0          ;
; c_state.S1 ; 0          ; 0          ; 0          ; 0          ; 1          ; 1          ;
; c_state.S2 ; 0          ; 0          ; 0          ; 1          ; 0          ; 1          ;
; c_state.S3 ; 0          ; 0          ; 1          ; 0          ; 0          ; 1          ;
; c_state.S4 ; 0          ; 1          ; 0          ; 0          ; 0          ; 1          ;
; c_state.S5 ; 1          ; 0          ; 0          ; 0          ; 0          ; 1          ;
+------------+------------+------------+------------+------------+------------+------------+


Encoding Type:  One-Hot
+------------------------------------------------------------------------------------------+
; State Machine - |memory_hw|write_ctrl:u_write_ctrl1|c_state                              ;
+------------+------------+------------+------------+------------+------------+------------+
; Name       ; c_state.S5 ; c_state.S4 ; c_state.S3 ; c_state.S2 ; c_state.S1 ; c_state.S0 ;
+------------+------------+------------+------------+------------+------------+------------+
; c_state.S0 ; 0          ; 0          ; 0          ; 0          ; 0          ; 0          ;
; c_state.S1 ; 0          ; 0          ; 0          ; 0          ; 1          ; 1          ;
; c_state.S2 ; 0          ; 0          ; 0          ; 1          ; 0          ; 1          ;
; c_state.S3 ; 0          ; 0          ; 1          ; 0          ; 0          ; 1          ;
; c_state.S4 ; 0          ; 1          ; 0          ; 0          ; 0          ; 1          ;
; c_state.S5 ; 1          ; 0          ; 0          ; 0          ; 0          ; 1          ;
+------------+------------+------------+------------+------------+------------+------------+


+----------------------------------------------------------------+
; Registers Removed During Synthesis                             ;
+---------------------------------------+------------------------+
; Register name                         ; Reason for Removal     ;
+---------------------------------------+------------------------+
; read_ctrl:u_read_ctrl1|c_state~4      ; Lost fanout            ;
; read_ctrl:u_read_ctrl1|c_state~5      ; Lost fanout            ;
; read_ctrl:u_read_ctrl1|c_state~6      ; Lost fanout            ;
; write_ctrl:u_write_ctrl1|c_state~4    ; Lost fanout            ;
; write_ctrl:u_write_ctrl1|c_state~5    ; Lost fanout            ;
; write_ctrl:u_write_ctrl1|c_state~6    ; Lost fanout            ;
; read_ctrl:u_read_ctrl1|c_state.S3     ; Merged with dout_vld_d ;
; Total Number of Removed Registers = 7 ;                        ;
+---------------------------------------+------------------------+


+------------------------------------------------------+
; General Register Statistics                          ;
+----------------------------------------------+-------+
; Statistic                                    ; Value ;
+----------------------------------------------+-------+
; Total registers                              ; 112   ;
; Number of registers using Synchronous Clear  ; 0     ;
; Number of registers using Synchronous Load   ; 2     ;
; Number of registers using Asynchronous Clear ; 112   ;
; Number of registers using Asynchronous Load  ; 0     ;
; Number of registers using Clock Enable       ; 38    ;
; Number of registers using Preset             ; 0     ;
+----------------------------------------------+-------+


+---------------------------------------------------+
; Inverted Register Statistics                      ;
+-----------------------------------------+---------+
; Inverted Register                       ; Fan out ;
+-----------------------------------------+---------+
; fnd_out1[0]~reg0                        ; 1       ;
; fnd_out1[1]~reg0                        ; 1       ;
; fnd_out1[2]~reg0                        ; 1       ;
; fnd_out1[3]~reg0                        ; 1       ;
; fnd_out1[4]~reg0                        ; 1       ;
; fnd_out1[5]~reg0                        ; 1       ;
; fnd_out1[6]~reg0                        ; 1       ;
; fnd_out2[0]~reg0                        ; 1       ;
; fnd_out2[1]~reg0                        ; 1       ;
; fnd_out2[2]~reg0                        ; 1       ;
; fnd_out2[3]~reg0                        ; 1       ;
; fnd_out2[4]~reg0                        ; 1       ;
; fnd_out2[5]~reg0                        ; 1       ;
; fnd_out2[6]~reg0                        ; 1       ;
; fnd_out3[0]~reg0                        ; 1       ;
; fnd_out3[1]~reg0                        ; 1       ;
; fnd_out3[2]~reg0                        ; 1       ;
; fnd_out3[3]~reg0                        ; 1       ;
; fnd_out3[4]~reg0                        ; 1       ;
; fnd_out3[5]~reg0                        ; 1       ;
; fnd_out3[6]~reg0                        ; 1       ;
; fnd_out4[0]~reg0                        ; 1       ;
; fnd_out4[1]~reg0                        ; 1       ;
; fnd_out4[2]~reg0                        ; 1       ;
; fnd_out4[3]~reg0                        ; 1       ;
; fnd_out4[4]~reg0                        ; 1       ;
; fnd_out4[5]~reg0                        ; 1       ;
; fnd_out4[6]~reg0                        ; 1       ;
; din_vld_d1                              ; 1       ;
; read_d1                                 ; 3       ;
; Total number of inverted registers = 30 ;         ;
+-----------------------------------------+---------+


+-----------------------------------------------------------------------------------------------------------------------------------------------------------------+
; Multiplexer Restructuring Statistics (Restructuring Performed)                                                                                                  ;
+--------------------+-----------+---------------+----------------------+------------------------+------------+---------------------------------------------------+
; Multiplexer Inputs ; Bus Width ; Baseline Area ; Area if Restructured ; Saving if Restructured ; Registered ; Example Multiplexer Output                        ;
+--------------------+-----------+---------------+----------------------+------------------------+------------+---------------------------------------------------+
; 3:1                ; 2 bits    ; 4 LEs         ; 2 LEs                ; 2 LEs                  ; Yes        ; |memory_hw|write_ctrl:u_write_ctrl1|status_vld[0] ;
; 3:1                ; 28 bits   ; 56 LEs        ; 56 LEs               ; 0 LEs                  ; No         ; |memory_hw|delay:u_delay2|n_cnt[26]               ;
; 3:1                ; 28 bits   ; 56 LEs        ; 56 LEs               ; 0 LEs                  ; No         ; |memory_hw|delay:u_delay1|n_cnt[27]               ;
+--------------------+-----------+---------------+----------------------+------------------------+------------+---------------------------------------------------+


+-------------------------------------------------------------------------------------------------------------------+
; Source assignments for ram_dual_2x8:u_ram_dual_2x8|altsyncram:altsyncram_component|altsyncram_haj1:auto_generated ;
+---------------------------------+--------------------+------+-----------------------------------------------------+
; Assignment                      ; Value              ; From ; To                                                  ;
+---------------------------------+--------------------+------+-----------------------------------------------------+
; OPTIMIZE_POWER_DURING_SYNTHESIS ; NORMAL_COMPILATION ; -    ; -                                                   ;
+---------------------------------+--------------------+------+-----------------------------------------------------+


+----------------------------------------------------------------------------------------------------------+
; Parameter Settings for User Entity Instance: ram_dual_2x8:u_ram_dual_2x8|altsyncram:altsyncram_component ;
+------------------------------------+----------------------+----------------------------------------------+
; Parameter Name                     ; Value                ; Type                                         ;
+------------------------------------+----------------------+----------------------------------------------+
; BYTE_SIZE_BLOCK                    ; 8                    ; Untyped                                      ;
; AUTO_CARRY_CHAINS                  ; ON                   ; AUTO_CARRY                                   ;
; IGNORE_CARRY_BUFFERS               ; OFF                  ; IGNORE_CARRY                                 ;
; AUTO_CASCADE_CHAINS                ; ON                   ; AUTO_CASCADE                                 ;
; IGNORE_CASCADE_BUFFERS             ; OFF                  ; IGNORE_CASCADE                               ;
; WIDTH_BYTEENA                      ; 1                    ; Untyped                                      ;
; OPERATION_MODE                     ; DUAL_PORT            ; Untyped                                      ;
; WIDTH_A                            ; 8                    ; Signed Integer                               ;
; WIDTHAD_A                          ; 4                    ; Signed Integer                               ;
; NUMWORDS_A                         ; 16                   ; Signed Integer                               ;
; OUTDATA_REG_A                      ; UNREGISTERED         ; Untyped                                      ;
; ADDRESS_ACLR_A                     ; NONE                 ; Untyped                                      ;
; OUTDATA_ACLR_A                     ; NONE                 ; Untyped                                      ;
; WRCONTROL_ACLR_A                   ; NONE                 ; Untyped                                      ;
; INDATA_ACLR_A                      ; NONE                 ; Untyped                                      ;
; BYTEENA_ACLR_A                     ; NONE                 ; Untyped                                      ;
; WIDTH_B                            ; 8                    ; Signed Integer                               ;
; WIDTHAD_B                          ; 4                    ; Signed Integer                               ;
; NUMWORDS_B                         ; 16                   ; Signed Integer                               ;
; INDATA_REG_B                       ; CLOCK1               ; Untyped                                      ;
; WRCONTROL_WRADDRESS_REG_B          ; CLOCK1               ; Untyped                                      ;
; RDCONTROL_REG_B                    ; CLOCK1               ; Untyped                                      ;
; ADDRESS_REG_B                      ; CLOCK1               ; Untyped                                      ;
; OUTDATA_REG_B                      ; CLOCK1               ; Untyped                                      ;
; BYTEENA_REG_B                      ; CLOCK1               ; Untyped                                      ;
; INDATA_ACLR_B                      ; NONE                 ; Untyped                                      ;
; WRCONTROL_ACLR_B                   ; NONE                 ; Untyped                                      ;
; ADDRESS_ACLR_B                     ; NONE                 ; Untyped                                      ;
; OUTDATA_ACLR_B                     ; NONE                 ; Untyped                                      ;
; RDCONTROL_ACLR_B                   ; NONE                 ; Untyped                                      ;
; BYTEENA_ACLR_B                     ; NONE                 ; Untyped                                      ;
; WIDTH_BYTEENA_A                    ; 1                    ; Signed Integer                               ;
; WIDTH_BYTEENA_B                    ; 1                    ; Untyped                                      ;
; RAM_BLOCK_TYPE                     ; AUTO                 ; Untyped                                      ;
; BYTE_SIZE                          ; 8                    ; Untyped                                      ;
; READ_DURING_WRITE_MODE_MIXED_PORTS ; DONT_CARE            ; Untyped                                      ;
; READ_DURING_WRITE_MODE_PORT_A      ; NEW_DATA_NO_NBE_READ ; Untyped                                      ;
; READ_DURING_WRITE_MODE_PORT_B      ; NEW_DATA_NO_NBE_READ ; Untyped                                      ;
; INIT_FILE                          ; UNUSED               ; Untyped                                      ;
; INIT_FILE_LAYOUT                   ; PORT_A               ; Untyped                                      ;
; MAXIMUM_DEPTH                      ; 0                    ; Untyped                                      ;
; CLOCK_ENABLE_INPUT_A               ; BYPASS               ; Untyped                                      ;
; CLOCK_ENABLE_INPUT_B               ; BYPASS               ; Untyped                                      ;
; CLOCK_ENABLE_OUTPUT_A              ; NORMAL               ; Untyped                                      ;
; CLOCK_ENABLE_OUTPUT_B              ; BYPASS               ; Untyped                                      ;
; CLOCK_ENABLE_CORE_A                ; USE_INPUT_CLKEN      ; Untyped                                      ;
; CLOCK_ENABLE_CORE_B                ; USE_INPUT_CLKEN      ; Untyped                                      ;
; ENABLE_ECC                         ; FALSE                ; Untyped                                      ;
; ECC_PIPELINE_STAGE_ENABLED         ; FALSE                ; Untyped                                      ;
; WIDTH_ECCSTATUS                    ; 3                    ; Untyped                                      ;
; DEVICE_FAMILY                      ; Cyclone III          ; Untyped                                      ;
; CBXI_PARAMETER                     ; altsyncram_haj1      ; Untyped                                      ;
+------------------------------------+----------------------+----------------------------------------------+
Note: In order to hide this table in the UI and the text report file, please set the "Show Parameter Settings in Synthesis Report" option in "Analysis and Synthesis Settings -> More Settings" to "Off".


+-----------------------------------------------------------------+
; Parameter Settings for User Entity Instance: delay:u_delay1     ;
+----------------+------------------------------+-----------------+
; Parameter Name ; Value                        ; Type            ;
+----------------+------------------------------+-----------------+
; N              ; 28                           ; Signed Integer  ;
; T_1S           ; 0010111110101111000010000000 ; Unsigned Binary ;
+----------------+------------------------------+-----------------+
Note: In order to hide this table in the UI and the text report file, please set the "Show Parameter Settings in Synthesis Report" option in "Analysis and Synthesis Settings -> More Settings" to "Off".


+-----------------------------------------------------------------+
; Parameter Settings for User Entity Instance: delay:u_delay2     ;
+----------------+------------------------------+-----------------+
; Parameter Name ; Value                        ; Type            ;
+----------------+------------------------------+-----------------+
; N              ; 28                           ; Signed Integer  ;
; T_1S           ; 0010111110101111000010000000 ; Unsigned Binary ;
+----------------+------------------------------+-----------------+
Note: In order to hide this table in the UI and the text report file, please set the "Show Parameter Settings in Synthesis Report" option in "Analysis and Synthesis Settings -> More Settings" to "Off".


+---------------------------------------------------------------------------------------------------------+
; altsyncram Parameter Settings by Entity Instance                                                        ;
+-------------------------------------------+-------------------------------------------------------------+
; Name                                      ; Value                                                       ;
+-------------------------------------------+-------------------------------------------------------------+
; Number of entity instances                ; 1                                                           ;
; Entity Instance                           ; ram_dual_2x8:u_ram_dual_2x8|altsyncram:altsyncram_component ;
;     -- OPERATION_MODE                     ; DUAL_PORT                                                   ;
;     -- WIDTH_A                            ; 8                                                           ;
;     -- NUMWORDS_A                         ; 16                                                          ;
;     -- OUTDATA_REG_A                      ; UNREGISTERED                                                ;
;     -- WIDTH_B                            ; 8                                                           ;
;     -- NUMWORDS_B                         ; 16                                                          ;
;     -- ADDRESS_REG_B                      ; CLOCK1                                                      ;
;     -- OUTDATA_REG_B                      ; CLOCK1                                                      ;
;     -- RAM_BLOCK_TYPE                     ; AUTO                                                        ;
;     -- READ_DURING_WRITE_MODE_MIXED_PORTS ; DONT_CARE                                                   ;
+-------------------------------------------+-------------------------------------------------------------+


+---------------------------------------------------------+
; Port Connectivity Checks: "ram_dual_2x8:u_ram_dual_2x8" ;
+-----------------+-------+----------+--------------------+
; Port            ; Type  ; Severity ; Details            ;
+-----------------+-------+----------+--------------------+
; rdaddress[3..1] ; Input ; Info     ; Stuck at GND       ;
; wraddress[3..1] ; Input ; Info     ; Stuck at GND       ;
+-----------------+-------+----------+--------------------+


+-------------------------------+
; Elapsed Time Per Partition    ;
+----------------+--------------+
; Partition Name ; Elapsed Time ;
+----------------+--------------+
; Top            ; 00:00:00     ;
+----------------+--------------+


+-------------------------------+
; Analysis & Synthesis Messages ;
+-------------------------------+
Info: *******************************************************************
Info: Running Quartus II 64-Bit Analysis & Synthesis
    Info: Version 13.1.0 Build 162 10/23/2013 SJ Web Edition
    Info: Processing started: Tue May 09 09:37:10 2023
Info: Command: quartus_map --read_settings_files=on --write_settings_files=off memory_hw -c memory_hw
Info (11104): Parallel Compilation has detected 8 hyper-threaded processors. However, the extra hyper-threaded processors will not be used by default. Parallel Compilation will use 4 of the 4 physical processors detected instead.
Info (12021): Found 1 design units, including 1 entities, in source file /altera/13.1/de0_doorlock_2modes/src/delay.v
    Info (12023): Found entity 1: delay
Info (12021): Found 1 design units, including 1 entities, in source file mem_ip/ram_dual_2x8/ram_dual_2x8.v
    Info (12023): Found entity 1: ram_dual_2x8
Info (12021): Found 1 design units, including 1 entities, in source file /altera/13.1/de0_memory_hw/src/mem_ip/write_ctrl.v
    Info (12023): Found entity 1: write_ctrl
Info (12021): Found 1 design units, including 1 entities, in source file /altera/13.1/de0_memory_hw/src/mem_ip/read_ctrl.v
    Info (12023): Found entity 1: read_ctrl
Info (12021): Found 1 design units, including 1 entities, in source file /altera/13.1/de0_memory_hw/src/memory_hw.v
    Info (12023): Found entity 1: memory_hw
Info (12021): Found 1 design units, including 1 entities, in source file output_files/fnd_out.v
    Info (12023): Found entity 1: fnd_out
Info (12127): Elaborating entity "memory_hw" for the top level hierarchy
Info (12128): Elaborating entity "ram_dual_2x8" for hierarchy "ram_dual_2x8:u_ram_dual_2x8"
Info (12128): Elaborating entity "altsyncram" for hierarchy "ram_dual_2x8:u_ram_dual_2x8|altsyncram:altsyncram_component"
Info (12130): Elaborated megafunction instantiation "ram_dual_2x8:u_ram_dual_2x8|altsyncram:altsyncram_component"
Info (12133): Instantiated megafunction "ram_dual_2x8:u_ram_dual_2x8|altsyncram:altsyncram_component" with the following parameter:
    Info (12134): Parameter "address_aclr_b" = "NONE"
    Info (12134): Parameter "address_reg_b" = "CLOCK1"
    Info (12134): Parameter "clock_enable_input_a" = "BYPASS"
    Info (12134): Parameter "clock_enable_input_b" = "BYPASS"
    Info (12134): Parameter "clock_enable_output_b" = "BYPASS"
    Info (12134): Parameter "intended_device_family" = "Cyclone III"
    Info (12134): Parameter "lpm_type" = "altsyncram"
    Info (12134): Parameter "numwords_a" = "16"
    Info (12134): Parameter "numwords_b" = "16"
    Info (12134): Parameter "operation_mode" = "DUAL_PORT"
    Info (12134): Parameter "outdata_aclr_b" = "NONE"
    Info (12134): Parameter "outdata_reg_b" = "CLOCK1"
    Info (12134): Parameter "power_up_uninitialized" = "FALSE"
    Info (12134): Parameter "widthad_a" = "4"
    Info (12134): Parameter "widthad_b" = "4"
    Info (12134): Parameter "width_a" = "8"
    Info (12134): Parameter "width_b" = "8"
    Info (12134): Parameter "width_byteena_a" = "1"
Info (12021): Found 1 design units, including 1 entities, in source file db/altsyncram_haj1.tdf
    Info (12023): Found entity 1: altsyncram_haj1
Info (12128): Elaborating entity "altsyncram_haj1" for hierarchy "ram_dual_2x8:u_ram_dual_2x8|altsyncram:altsyncram_component|altsyncram_haj1:auto_generated"
Info (12128): Elaborating entity "write_ctrl" for hierarchy "write_ctrl:u_write_ctrl1"
Warning (10235): Verilog HDL Always Construct warning at write_ctrl.v(48): variable "c_state" is read inside the Always Construct but isn't in the Always Construct's Event Control
Warning (10235): Verilog HDL Always Construct warning at write_ctrl.v(52): variable "status_vld" is read inside the Always Construct but isn't in the Always Construct's Event Control
Warning (10235): Verilog HDL Always Construct warning at write_ctrl.v(52): variable "w_addr" is read inside the Always Construct but isn't in the Always Construct's Event Control
Info (12128): Elaborating entity "read_ctrl" for hierarchy "read_ctrl:u_read_ctrl1"
Warning (10235): Verilog HDL Always Construct warning at read_ctrl.v(48): variable "r_addr" is read inside the Always Construct but isn't in the Always Construct's Event Control
Warning (10235): Verilog HDL Always Construct warning at read_ctrl.v(49): variable "r_addr" is read inside the Always Construct but isn't in the Always Construct's Event Control
Info (12128): Elaborating entity "fnd_out" for hierarchy "fnd_out:u_fnd_out1"
Info (12128): Elaborating entity "delay" for hierarchy "delay:u_delay1"
Info (13000): Registers with preset signals will power-up high
Info (13003): DEV_CLRn pin will set, and not reset, register with preset signal due to NOT Gate Push-Back
Info (286030): Timing-Driven Synthesis is running
Info (17049): 6 registers lost all their fanouts during netlist optimizations.
Info (17036): Removed 3 MSB VCC or GND address nodes from RAM block "ram_dual_2x8:u_ram_dual_2x8|altsyncram:altsyncram_component|altsyncram_haj1:auto_generated|ALTSYNCRAM"
Info (16010): Generating hard_block partition "hard_block:auto_generated_inst"
    Info (16011): Adding 0 node(s), including 0 DDIO, 0 PLL, 0 transceiver and 0 LCELL
Info (21057): Implemented 319 device resources after synthesis - the final resource count might be different
    Info (21058): Implemented 13 input pins
    Info (21059): Implemented 33 output pins
    Info (21061): Implemented 265 logic cells
    Info (21064): Implemented 8 RAM segments
Info: Quartus II 64-Bit Analysis & Synthesis was successful. 0 errors, 5 warnings
    Info: Peak virtual memory: 4652 megabytes
    Info: Processing ended: Tue May 09 09:37:15 2023
    Info: Elapsed time: 00:00:05
    Info: Total CPU time (on all processors): 00:00:01


