Flow report for memory_hw
Tue May 09 09:37:38 2023
Quartus II 64-Bit Version 13.1.0 Build 162 10/23/2013 SJ Web Edition


---------------------
; Table of Contents ;
---------------------
  1. Legal Notice
  2. Flow Summary
  3. Flow Settings
  4. Flow Non-Default Global Settings
  5. Flow Elapsed Time
  6. Flow OS Summary
  7. Flow Log
  8. Flow Messages
  9. Flow Suppressed Messages



----------------
; Legal Notice ;
----------------
Copyright (C) 1991-2013 Altera Corporation
Your use of Altera Corporation's design tools, logic functions 
and other software and tools, and its AMPP partner logic 
functions, and any output files from any of the foregoing 
(including device programming or simulation files), and any 
associated documentation or information are expressly subject 
to the terms and conditions of the Altera Program License 
Subscription Agreement, Altera MegaCore Function License 
Agreement, or other applicable license agreement, including, 
without limitation, that your use is for the sole purpose of 
programming logic devices manufactured by Altera and sold by 
Altera or its authorized distributors.  Please refer to the 
applicable agreement for further details.



+---------------------------------------------------------------------------------+
; Flow Summary                                                                    ;
+------------------------------------+--------------------------------------------+
; Flow Status                        ; Successful - Tue May 09 09:37:34 2023      ;
; Quartus II 64-Bit Version          ; 13.1.0 Build 162 10/23/2013 SJ Web Edition ;
; Revision Name                      ; memory_hw                                  ;
; Top-level Entity Name              ; memory_hw                                  ;
; Family                             ; Cyclone III                                ;
; Device                             ; EP3C16F484C6                               ;
; Timing Models                      ; Final                                      ;
; Total logic elements               ; 197 / 15,408 ( 1 % )                       ;
;     Total combinational functions  ; 170 / 15,408 ( 1 % )                       ;
;     Dedicated logic registers      ; 112 / 15,408 ( < 1 % )                     ;
; Total registers                    ; 112                                        ;
; Total pins                         ; 46 / 347 ( 13 % )                          ;
; Total virtual pins                 ; 0                                          ;
; Total memory bits                  ; 16 / 516,096 ( < 1 % )                     ;
; Embedded Multiplier 9-bit elements ; 0 / 112 ( 0 % )                            ;
; Total PLLs                         ; 0 / 4 ( 0 % )                              ;
+------------------------------------+--------------------------------------------+


+-----------------------------------------+
; Flow Settings                           ;
+-------------------+---------------------+
; Option            ; Setting             ;
+-------------------+---------------------+
; Start date & time ; 05/09/2023 09:37:11 ;
; Main task         ; Compilation         ;
; Revision Name     ; memory_hw           ;
+-------------------+---------------------+


+--------------------------------------------------------------------------------------------------------------------------+
; Flow Non-Default Global Settings                                                                                         ;
+-------------------------------------+-----------------------------------------+---------------+-------------+------------+
; Assignment Name                     ; Value                                   ; Default Value ; Entity Name ; Section Id ;
+-------------------------------------+-----------------------------------------+---------------+-------------+------------+
; COMPILER_SIGNATURE_ID               ; 110474889335435.168359263115124         ; --            ; --          ; --         ;
; IP_TOOL_NAME                        ; RAM: 2-PORT                             ; --            ; --          ; --         ;
; IP_TOOL_VERSION                     ; 13.1                                    ; --            ; --          ; --         ;
; MAX_CORE_JUNCTION_TEMP              ; 85                                      ; --            ; --          ; --         ;
; MIN_CORE_JUNCTION_TEMP              ; 0                                       ; --            ; --          ; --         ;
; MISC_FILE                           ; mem_ip/ram_dual_2x8/ram_dual_2x8.bsf    ; --            ; --          ; --         ;
; MISC_FILE                           ; mem_ip/ram_dual_2x8/ram_dual_2x8_inst.v ; --            ; --          ; --         ;
; MISC_FILE                           ; mem_ip/ram_dual_2x8/ram_dual_2x8_bb.v   ; --            ; --          ; --         ;
; OUTPUT_IO_TIMING_FAR_END_VMEAS      ; Half Signal Swing                       ; --            ; --          ; --         ;
; OUTPUT_IO_TIMING_FAR_END_VMEAS      ; Half Signal Swing                       ; --            ; --          ; --         ;
; OUTPUT_IO_TIMING_NEAR_END_VMEAS     ; Half Vccio                              ; --            ; --          ; --         ;
; OUTPUT_IO_TIMING_NEAR_END_VMEAS     ; Half Vccio                              ; --            ; --          ; --         ;
; PARTITION_COLOR                     ; 16764057                                ; --            ; --          ; Top        ;
; PARTITION_FITTER_PRESERVATION_LEVEL ; PLACEMENT_AND_ROUTING                   ; --            ; --          ; Top        ;
; PARTITION_NETLIST_TYPE              ; SOURCE                                  ; --            ; --          ; Top        ;
; PROJECT_OUTPUT_DIRECTORY            ; output_files                            ; --            ; --          ; --         ;
+-------------------------------------+-----------------------------------------+---------------+-------------+------------+


+-------------------------------------------------------------------------------------------------------------------------------+
; Flow Elapsed Time                                                                                                             ;
+---------------------------+--------------+-------------------------+---------------------+------------------------------------+
; Module Name               ; Elapsed Time ; Average Processors Used ; Peak Virtual Memory ; Total CPU Time (on all processors) ;
+---------------------------+--------------+-------------------------+---------------------+------------------------------------+
; Analysis & Synthesis      ; 00:00:04     ; 1.0                     ; 4652 MB             ; 00:00:01                           ;
; Fitter                    ; 00:00:14     ; 1.0                     ; 5345 MB             ; 00:00:04                           ;
; Assembler                 ; 00:00:02     ; 1.0                     ; 4595 MB             ; 00:00:01                           ;
; TimeQuest Timing Analyzer ; 00:00:03     ; 1.0                     ; 4714 MB             ; 00:00:01                           ;
; Total                     ; 00:00:23     ; --                      ; --                  ; 00:00:07                           ;
+---------------------------+--------------+-------------------------+---------------------+------------------------------------+


+----------------------------------------------------------------------------------------+
; Flow OS Summary                                                                        ;
+---------------------------+------------------+-----------+------------+----------------+
; Module Name               ; Machine Hostname ; OS Name   ; OS Version ; Processor type ;
+---------------------------+------------------+-----------+------------+----------------+
; Analysis & Synthesis      ; LAPTOP-1F1HCEOT  ; Windows 7 ; 6.2        ; x86_64         ;
; Fitter                    ; LAPTOP-1F1HCEOT  ; Windows 7 ; 6.2        ; x86_64         ;
; Assembler                 ; LAPTOP-1F1HCEOT  ; Windows 7 ; 6.2        ; x86_64         ;
; TimeQuest Timing Analyzer ; LAPTOP-1F1HCEOT  ; Windows 7 ; 6.2        ; x86_64         ;
+---------------------------+------------------+-----------+------------+----------------+


------------
; Flow Log ;
------------
quartus_map --read_settings_files=on --write_settings_files=off memory_hw -c memory_hw
quartus_fit --read_settings_files=off --write_settings_files=off memory_hw -c memory_hw
quartus_asm --read_settings_files=off --write_settings_files=off memory_hw -c memory_hw
quartus_sta memory_hw -c memory_hw



